<?xml version="1.0" encoding="UTF-8"?>
<!-- Generated by org.testng.reporters.JUnitReportReporter -->
<testsuite skipped="2" hostname="DESKTOP-AMM7699" name="loginTestNG.LoginTests" tests="20" failures="0" timestamp="18 May 2018 17:20:24 GMT" time="17.276" errors="0">
  <testcase name="forgotPassword" time="1.098" classname="loginTestNG.LoginTests"/>
  <testcase name="loginVP" time="1.560" classname="loginTestNG.LoginTests"/>
  <testcase name="loginTrainer" time="1.407" classname="loginTestNG.LoginTests"/>
  <testcase name="openSettings" time="0.446" classname="loginTestNG.LoginTests"/>
  <testcase name="openLocations" time="0.658" classname="loginTestNG.LoginTests"/>
  <testcase name="openBatchesVP" time="1.382" classname="loginTestNG.LoginTests"/>
  <testcase name="openLocations" time="0.664" classname="loginTestNG.LoginTests"/>
  <testcase name="openTrainers" time="0.458" classname="loginTestNG.LoginTests"/>
  <testcase name="openOverview" time="0.472" classname="loginTestNG.LoginTests"/>
  <testcase name="openSettings" time="0.443" classname="loginTestNG.LoginTests"/>
  <testcase name="openCurricula" time="0.463" classname="loginTestNG.LoginTests"/>
  <testcase name="openOverview" time="0.471" classname="loginTestNG.LoginTests"/>
  <testcase name="openProfile" time="0.456" classname="loginTestNG.LoginTests"/>
  <testcase name="openCurricula" time="2.157" classname="loginTestNG.LoginTests"/>
  <testcase name="openBatchesTrainer" time="3.667" classname="loginTestNG.LoginTests"/>
  <testcase name="openTrainers" time="0.449" classname="loginTestNG.LoginTests"/>
  <testcase name="logOut" time="0.487" classname="loginTestNG.LoginTests"/>
  <testcase name="logOut" time="0.538" classname="loginTestNG.LoginTests"/>
  <testcase name="openReports" classname="loginTestNG.LoginTests">
    <skipped/>
  </testcase> <!-- openReports -->
  <testcase name="openReports" classname="loginTestNG.LoginTests">
    <skipped/>
  </testcase> <!-- openReports -->
</testsuite> <!-- loginTestNG.LoginTests -->
