<?xml version="1.0" encoding="UTF-8"?>
<!-- Generated by org.testng.reporters.JUnitReportReporter -->
<testsuite skipped="0" hostname="DESKTOP-AMM7699" name="curriculaTab.CurriculaRunner" tests="1" failures="0" timestamp="16 May 2018 14:00:44 GMT" time="12.741" errors="0">
  <testcase name="feature" time="12.741" classname="curriculaTab.CurriculaRunner"/>
</testsuite> <!-- curriculaTab.CurriculaRunner -->
