<?xml version="1.0" encoding="UTF-8"?>
<!-- Generated by org.testng.reporters.JUnitReportReporter -->
<testsuite skipped="0" hostname="DESKTOP-AMM7699" name="loginTab.CucumberRunner" tests="1" failures="0" timestamp="16 May 2018 13:14:30 GMT" time="23.885" errors="0">
  <testcase name="feature" time="23.885" classname="loginTab.CucumberRunner"/>
</testsuite> <!-- loginTab.CucumberRunner -->
